<?xml version="1.0" encoding="UTF-8"?>
<testng-results ignored="0" total="2" passed="2" failed="0" skipped="0">
  <reporter-output>
  </reporter-output>
  <suite started-at="2022-05-23T12:22:29 PDT" name="Default suite" finished-at="2022-05-23T12:23:19 PDT" duration-ms="49327">
    <groups>
      <group name="cucumber">
        <method signature="AbstractTestNGCucumberTests.runScenario(io.cucumber.testng.PickleWrapper,io.cucumber.testng.FeatureWrapper)[pri:0, instance:com.runners.RunnerFile@67d48005]" name="runScenario" class="io.cucumber.testng.AbstractTestNGCucumberTests"/>
      </group> <!-- cucumber -->
    </groups>
    <test started-at="2022-05-23T12:22:29 PDT" name="Default test" finished-at="2022-05-23T12:23:19 PDT" duration-ms="49327">
      <class name="com.runners.RunnerFile">
        <test-method is-config="true" signature="setUpClass(org.testng.ITestContext)[pri:0, instance:com.runners.RunnerFile@67d48005]" started-at="2022-05-23T12:22:29 PDT" name="setUpClass" finished-at="2022-05-23T12:22:30 PDT" duration-ms="699" status="PASS">
          <params>
            <param index="0">
              <value>
                <![CDATA[org.testng.TestRunner@76f856a8]]>
              </value>
            </param>
          </params>
          <reporter-output>
          </reporter-output>
        </test-method> <!-- setUpClass -->
        <test-method signature="runScenario(io.cucumber.testng.PickleWrapper,io.cucumber.testng.FeatureWrapper)[pri:0, instance:com.runners.RunnerFile@67d48005]" started-at="2022-05-23T12:22:30 PDT" name="runScenario" description="Runs Cucumber Scenarios" data-provider="scenarios" finished-at="2022-05-23T12:22:54 PDT" duration-ms="24215" status="PASS">
          <params>
            <param index="0">
              <value>
                <![CDATA["valid login with correct username and password"]]>
              </value>
            </param>
            <param index="1">
              <value>
                <![CDATA["login"]]>
              </value>
            </param>
          </params>
          <reporter-output>
          </reporter-output>
        </test-method> <!-- runScenario -->
        <test-method signature="runScenario(io.cucumber.testng.PickleWrapper,io.cucumber.testng.FeatureWrapper)[pri:0, instance:com.runners.RunnerFile@67d48005]" started-at="2022-05-23T12:22:54 PDT" name="runScenario" description="Runs Cucumber Scenarios" data-provider="scenarios" finished-at="2022-05-23T12:23:19 PDT" duration-ms="24285" status="PASS">
          <params>
            <param index="0">
              <value>
                <![CDATA["invalid login with correct username and password"]]>
              </value>
            </param>
            <param index="1">
              <value>
                <![CDATA["login"]]>
              </value>
            </param>
          </params>
          <reporter-output>
          </reporter-output>
        </test-method> <!-- runScenario -->
        <test-method is-config="true" signature="tearDownClass()[pri:0, instance:com.runners.RunnerFile@67d48005]" started-at="2022-05-23T12:23:19 PDT" name="tearDownClass" finished-at="2022-05-23T12:23:19 PDT" duration-ms="22" status="PASS">
          <reporter-output>
          </reporter-output>
        </test-method> <!-- tearDownClass -->
      </class> <!-- com.runners.RunnerFile -->
    </test> <!-- Default test -->
  </suite> <!-- Default suite -->
</testng-results>
